#
# There is insufficient memory for the Java Runtime Environment to continue.
# Native memory allocation (mmap) failed to map 134217728 bytes for G1 virtual space
# Possible reasons:
#   The system is out of physical RAM or swap space
#   The process is running with CompressedOops enabled, and the Java Heap may be blocking the growth of the native heap
# Possible solutions:
#   Reduce memory load on the system
#   Increase physical memory or swap space
#   Check if swap backing store is full
#   Decrease Java heap size (-Xmx/-Xms)
#   Decrease number of Java threads
#   Decrease Java thread stack sizes (-Xss)
#   Set larger code cache with -XX:ReservedCodeCacheSize=
#   JVM is running with Unscaled Compressed Oops mode in which the Java heap is
#     placed in the first 4GB address space. The Java Heap base address is the
#     maximum limit for the native heap growth. Please use -XX:HeapBaseMinAddress
#     to set the Java Heap base and to place the Java Heap above 4GB virtual address.
# This output file may be truncated or incomplete.
#
#  Out of Memory Error (./open/src/hotspot/os/windows/os_windows.cpp:3472), pid=4880, tid=5128
#
# JRE version:  (15.0.1+9) (build )
# Java VM: Java HotSpot(TM) 64-Bit Server VM (15.0.1+9-18, mixed mode, sharing, tiered, compressed oops, g1 gc, windows-amd64)
# No core dump will be written. Minidumps are not enabled by default on client versions of Windows
#

---------------  S U M M A R Y ------------

Command Line: --module-path=C:\Users\DELL\IdeaProjects\External libreries\JavaFX 15\javafx-sdk-15.0.1\lib --add-modules=javafx.controls,javafx.fxml -javaagent:C:\Program Files\JetBrains\IntelliJ IDEA Community Edition 2020.2.3\lib\idea_rt.jar=59275:C:\Program Files\JetBrains\IntelliJ IDEA Community Edition 2020.2.3\bin -Dfile.encoding=UTF-8 Graphic.MainApp

Host: Intel(R) Core(TM) i5-7200U CPU @ 2.50GHz, 4 cores, 7G,  Windows 10 , 64 bit Build 19041 (10.0.19041.662)
Time: Wed Feb 10 10:12:50 2021 ora solare Europa occidentale elapsed time: 0.304739 seconds (0d 0h 0m 0s)

---------------  T H R E A D  ---------------

Current thread (0x000001e284e03ae0):  JavaThread "Unknown thread" [_thread_in_vm, id=5128, stack(0x000000c535100000,0x000000c535200000)]

Stack: [0x000000c535100000,0x000000c535200000]
Native frames: (J=compiled Java code, j=interpreted, Vv=VM code, C=native code)
V  [jvm.dll+0x62ae9a]
V  [jvm.dll+0x781389]
V  [jvm.dll+0x782ae3]
V  [jvm.dll+0x783143]
V  [jvm.dll+0x216265]
V  [jvm.dll+0x6281d9]
V  [jvm.dll+0x61cd15]
V  [jvm.dll+0x2d01fd]
V  [jvm.dll+0x2d0062]
V  [jvm.dll+0x2d603c]
V  [jvm.dll+0x325b2a]
V  [jvm.dll+0x3251f4]
V  [jvm.dll+0x2a717a]
V  [jvm.dll+0x2a8318]
V  [jvm.dll+0x75e101]
V  [jvm.dll+0x3343e4]
V  [jvm.dll+0x73e826]
V  [jvm.dll+0x3b7777]
V  [jvm.dll+0x3b9201]
C  [jli.dll+0x52fb]
C  [ucrtbase.dll+0x214c2]
C  [KERNEL32.DLL+0x17034]
C  [ntdll.dll+0x4d0d1]


---------------  P R O C E S S  ---------------

Threads class SMR info:
_java_thread_list=0x00007ffd67454ff0, length=0, elements={
}

Java Threads: ( => current thread )

Other Threads:
  0x000001e284e439e0 GCTaskThread "GC Thread#0" [stack: 0x000000c535200000,0x000000c535300000] [id=10492]
  0x000001e284e54830 ConcurrentGCThread "G1 Main Marker" [stack: 0x000000c535300000,0x000000c535400000] [id=7656]
  0x000001e284e55420 ConcurrentGCThread "G1 Conc#0" [stack: 0x000000c535400000,0x000000c535500000] [id=4460]

[error occurred during error reporting (printing all threads), id 0xc0000005, EXCEPTION_ACCESS_VIOLATION (0xc0000005) at pc=0x00007ffd66c48047]

VM state: not at safepoint (not fully initialized)

VM Mutex/Monitor currently owned by a thread:  ([mutex/lock_event])
[0x000001e284dfe7a0] Heap_lock - owner thread: 0x000001e284e03ae0

Heap address: 0x0000000081800000, size: 2024 MB, Compressed Oops mode: 32-bit
CDS archive(s) mapped at: [0x0000000000000000-0x0000000000000000-0x0000000000000000), size 0, SharedBaseAddress: 0x0000000800000000, ArchiveRelocationMode: 0.
Narrow klass base: 0x0000000000000000, Narrow klass shift: 0, Narrow klass range: 0x0

Heap:
 garbage-first heap   total 131072K, used 0K [0x0000000081800000, 0x0000000100000000)
  region size 1024K, 0 young (0K), 0 survivors (0K)
 Metaspace       used 0K, capacity 0K, committed 0K, reserved 0K
  class space    used 0K, capacity 0K, committed 0K, reserved 0K

Heap Regions: E=young(eden), S=young(survivor), O=old, HS=humongous(starts), HC=humongous(continues), CS=collection set, F=free, OA=open archive, CA=closed archive, TAMS=top-at-mark-start (previous, next)

Card table byte_map: [0x000001e29c440000,0x000001e29c840000] _byte_map_base: 0x000001e29c034000

Marking Bits (Prev, Next): (CMBitMap*) 0x000001e284e441d0, (CMBitMap*) 0x000001e284e44210
 Prev Bits: [0x000001e29cc40000, 0x000001e29ebe0000)
 Next Bits: [0x000001e29ebe0000, 0x000001e2a0b80000)

GC Heap History (0 events):
No events

Deoptimization events (0 events):
No events

Classes unloaded (0 events):
No events

Classes redefined (0 events):
No events

Internal exceptions (0 events):
No events

Events (1 events):
Event: 0.122 Loaded shared library C:\Program Files\Java\jdk-15.0.1\bin\java.dll


Dynamic libraries:
0x00007ff7cceb0000 - 0x00007ff7ccebf000 	C:\Program Files\Java\jdk-15.0.1\bin\java.exe
0x00007ffda6590000 - 0x00007ffda6786000 	C:\WINDOWS\SYSTEM32\ntdll.dll
0x00007ffda6430000 - 0x00007ffda64ed000 	C:\WINDOWS\System32\KERNEL32.DLL
0x00007ffda3ea0000 - 0x00007ffda4169000 	C:\WINDOWS\System32\KERNELBASE.dll
0x00007ffda3cd0000 - 0x00007ffda3dd0000 	C:\WINDOWS\System32\ucrtbase.dll
0x00007ffd9f5a0000 - 0x00007ffd9f5b9000 	C:\Program Files\Java\jdk-15.0.1\bin\VCRUNTIME140.dll
0x00007ffd9c870000 - 0x00007ffd9c888000 	C:\Program Files\Java\jdk-15.0.1\bin\jli.dll
0x00007ffda6020000 - 0x00007ffda60cc000 	C:\WINDOWS\System32\ADVAPI32.dll
0x00007ffda5870000 - 0x00007ffda590e000 	C:\WINDOWS\System32\msvcrt.dll
0x00007ffda60d0000 - 0x00007ffda616c000 	C:\WINDOWS\System32\sechost.dll
0x00007ffda4d40000 - 0x00007ffda4e6b000 	C:\WINDOWS\System32\RPCRT4.dll
0x00007ffda5e80000 - 0x00007ffda6020000 	C:\WINDOWS\System32\USER32.dll
0x00007ffda3dd0000 - 0x00007ffda3df2000 	C:\WINDOWS\System32\win32u.dll
0x00007ffda5810000 - 0x00007ffda583a000 	C:\WINDOWS\System32\GDI32.dll
0x00007ffda4300000 - 0x00007ffda440b000 	C:\WINDOWS\System32\gdi32full.dll
0x00007ffda3e00000 - 0x00007ffda3e9d000 	C:\WINDOWS\System32\msvcp_win.dll
0x00007ffd918b0000 - 0x00007ffd91b4b000 	C:\WINDOWS\WinSxS\amd64_microsoft.windows.common-controls_6595b64144ccf1df_6.0.19041.746_none_ca02b4b61b8320a4\COMCTL32.dll
0x00007ffd95540000 - 0x00007ffd9554a000 	C:\WINDOWS\SYSTEM32\VERSION.dll
0x00007ffda5840000 - 0x00007ffda5870000 	C:\WINDOWS\System32\IMM32.DLL
0x00007ffd9f540000 - 0x00007ffd9f54c000 	C:\Program Files\Java\jdk-15.0.1\bin\vcruntime140_1.dll
0x00007ffd7af00000 - 0x00007ffd7af91000 	C:\Program Files\Java\jdk-15.0.1\bin\msvcp140.dll
0x00007ffd66990000 - 0x00007ffd674ee000 	C:\Program Files\Java\jdk-15.0.1\bin\server\jvm.dll
0x00007ffda5650000 - 0x00007ffda5658000 	C:\WINDOWS\System32\PSAPI.DLL
0x00007ffd9f530000 - 0x00007ffd9f539000 	C:\WINDOWS\SYSTEM32\WSOCK32.dll
0x00007ffda5c70000 - 0x00007ffda5cdb000 	C:\WINDOWS\System32\WS2_32.dll
0x00007ffd7d1d0000 - 0x00007ffd7d1f7000 	C:\WINDOWS\SYSTEM32\WINMM.dll
0x00007ffda1c10000 - 0x00007ffda1c22000 	C:\WINDOWS\SYSTEM32\kernel.appcore.dll
0x00007ffd9d0d0000 - 0x00007ffd9d0da000 	C:\Program Files\Java\jdk-15.0.1\bin\jimage.dll
0x00007ffda14e0000 - 0x00007ffda16c4000 	C:\WINDOWS\SYSTEM32\DBGHELP.DLL
0x00007ffd8ac30000 - 0x00007ffd8ac5c000 	C:\WINDOWS\SYSTEM32\dbgcore.DLL
0x00007ffda4510000 - 0x00007ffda4590000 	C:\WINDOWS\System32\bcryptPrimitives.dll
0x00007ffd9d050000 - 0x00007ffd9d05e000 	C:\Program Files\Java\jdk-15.0.1\bin\instrument.dll
0x00007ffd91230000 - 0x00007ffd91255000 	C:\Program Files\Java\jdk-15.0.1\bin\java.dll

dbghelp: loaded successfully - version: 4.0.5 - missing functions: none
symbol engine: initialized successfully - sym options: 0x614 - pdb path: .;C:\Program Files\Java\jdk-15.0.1\bin;C:\WINDOWS\SYSTEM32;C:\WINDOWS\WinSxS\amd64_microsoft.windows.common-controls_6595b64144ccf1df_6.0.19041.746_none_ca02b4b61b8320a4;C:\Program Files\Java\jdk-15.0.1\bin\server

VM Arguments:
jvm_args: --module-path=C:\Users\DELL\IdeaProjects\External libreries\JavaFX 15\javafx-sdk-15.0.1\lib --add-modules=javafx.controls,javafx.fxml -javaagent:C:\Program Files\JetBrains\IntelliJ IDEA Community Edition 2020.2.3\lib\idea_rt.jar=59275:C:\Program Files\JetBrains\IntelliJ IDEA Community Edition 2020.2.3\bin -Dfile.encoding=UTF-8 
java_command: Graphic.MainApp
java_class_path (initial): C:\Users\DELL\IdeaProjects\pokedexRandomizer\out\production\pokedexRandomizer;C:\Users\DELL\IdeaProjects\External libreries\JavaFX 15\javafx-sdk-15.0.1\lib\src.zip;C:\Users\DELL\IdeaProjects\External libreries\JavaFX 15\javafx-sdk-15.0.1\lib\javafx-swt.jar;C:\Users\DELL\IdeaProjects\External libreries\JavaFX 15\javafx-sdk-15.0.1\lib\javafx.web.jar;C:\Users\DELL\IdeaProjects\External libreries\JavaFX 15\javafx-sdk-15.0.1\lib\javafx.base.jar;C:\Users\DELL\IdeaProjects\External libreries\JavaFX 15\javafx-sdk-15.0.1\lib\javafx.fxml.jar;C:\Users\DELL\IdeaProjects\External libreries\JavaFX 15\javafx-sdk-15.0.1\lib\javafx.media.jar;C:\Users\DELL\IdeaProjects\External libreries\JavaFX 15\javafx-sdk-15.0.1\lib\javafx.swing.jar;C:\Users\DELL\IdeaProjects\External libreries\JavaFX 15\javafx-sdk-15.0.1\lib\javafx.controls.jar;C:\Users\DELL\IdeaProjects\External libreries\JavaFX 15\javafx-sdk-15.0.1\lib\javafx.graphics.jar
Launcher Type: SUN_STANDARD

[Global flags]
     intx CICompilerCount                          = 3                                         {product} {ergonomic}
     uint ConcGCThreads                            = 1                                         {product} {ergonomic}
     uint G1ConcRefinementThreads                  = 4                                         {product} {ergonomic}
   size_t G1HeapRegionSize                         = 1048576                                   {product} {ergonomic}
    uintx GCDrainStackTargetSize                   = 64                                        {product} {ergonomic}
   size_t InitialHeapSize                          = 134217728                                 {product} {ergonomic}
   size_t MarkStackSize                            = 4194304                                   {product} {ergonomic}
   size_t MaxHeapSize                              = 2122317824                                {product} {ergonomic}
   size_t MinHeapDeltaBytes                        = 1048576                                   {product} {ergonomic}
   size_t MinHeapSize                              = 8388608                                   {product} {ergonomic}
    uintx NonNMethodCodeHeapSize                   = 5832780                                {pd product} {ergonomic}
    uintx NonProfiledCodeHeapSize                  = 122912730                              {pd product} {ergonomic}
    uintx ProfiledCodeHeapSize                     = 122912730                              {pd product} {ergonomic}
    uintx ReservedCodeCacheSize                    = 251658240                              {pd product} {ergonomic}
     bool SegmentedCodeCache                       = true                                      {product} {ergonomic}
   size_t SoftMaxHeapSize                          = 2122317824                             {manageable} {ergonomic}
     bool UseCompressedClassPointers               = true                                 {lp64_product} {ergonomic}
     bool UseCompressedOops                        = true                                 {lp64_product} {ergonomic}
     bool UseG1GC                                  = true                                      {product} {ergonomic}
     bool UseLargePagesIndividualAllocation        = false                                  {pd product} {ergonomic}

Logging:
Log output configuration:
 #0: stdout all=warning uptime,level,tags
 #1: stderr all=off uptime,level,tags

Environment Variables:
PATH=C:\Program Files\Common Files\Oracle\Java\javapath;C:\Program Files (x86)\Common Files\Oracle\Java\javapath;C:\Program Files\Java\jre6\bin;F:\JDK\bin;C:\WINDOWS\system32;C:\WINDOWS;C:\WINDOWS\System32\Wbem;C:\WINDOWS\System32\WindowsPowerShell\v1.0\;C:\WINDOWS\System32\OpenSSH\;C:\Program Files (x86)\dotnet\;C:\Program Files\Git\cmd;C:\Program Files\dotnet\;C:\Users\DELL\AppData\Local\Microsoft\WindowsApps;C:\Users\DELL\AppData\Local\Programs\Microsoft VS Code\bin;C:\Users\DELL\AppData\Local\atom\bin;C:\Users\DELL\AppData\Local\GitHubDesktop\bin;%USERPROFILE%\AppData\Local\Microsoft\WindowsApps;
USERNAME=DELL
OS=Windows_NT
PROCESSOR_IDENTIFIER=Intel64 Family 6 Model 142 Stepping 9, GenuineIntel



---------------  S Y S T E M  ---------------

OS:
 Windows 10 , 64 bit Build 19041 (10.0.19041.662)
OS uptime: 0 days 2:57 hours

CPU: total 4 (initial active 4) (2 cores per cpu, 2 threads per core) family 6 model 142 stepping 9 microcode 0xb4, cmov, cx8, fxsr, mmx, sse, sse2, sse3, ssse3, sse4.1, sse4.2, popcnt, vzeroupper, avx, avx2, aes, clmul, erms, 3dnowpref, lzcnt, ht, tsc, tscinvbit, bmi1, bmi2, adx, fma, clflush, clflushopt

Memory: 4k page, system-wide physical 8090M (1878M free)
TotalPageFile size 12186M (AvailPageFile size 110M)
current process WorkingSet (physical memory assigned to process): 10M, peak: 10M
current process commit charge ("private bytes"): 51M, peak: 179M

vm_info: Java HotSpot(TM) 64-Bit Server VM (15.0.1+9-18) for windows-amd64 JRE (15.0.1+9-18), built on Sep 15 2020 14:43:54 by "mach5one" with unknown MS VC++:1925

END.
